9,4,,372:line:1 is error,npc is error
1,2,-99,-10:line:9 is error,the price is less than 0
4,5,521,576:line:5 is error,npc is error
5,2,-713,197:line:6 is error,the price is less than 0
6,4,641,691:line:7 is error,npc is error
8,2,-877,-824:line:9 is error,the price is less than 0
9,4,,372:line:10 is error,npc is error
10,2,956,-412:line:11 is error,the price is less than 0
22,2,963,-198:line:23 is error,the price is less than 0
24,2,,291:line:25 is error,npc is error
27,3,,147:line:28 is error,npc is error
28,3,,426:line:29 is error,npc is error
29,2,-772,419:line:30 is error,the price is less than 0
31,2,,-157:line:32 is error,the price is less than 0
34,1,,385:line:35 is error,npc is error
42,5,890,-195:line:43 is error,the price is less than 0
45,3,535,-243:line:46 is error,the price is less than 0
48,1,-595,220:line:49 is error,the price is less than 0
53,4,,-254:line:54 is error,the price is less than 0
54,1,-924,475:line:55 is error,the price is less than 0
55,2,798,-292:line:56 is error,the price is less than 0
56,4,909,-428:line:57 is error,the price is less than 0
57,4,,193:line:58 is error,npc is error
59,2,,334:line:60 is error,npc is error
60,4,,440:line:61 is error,npc is error
63,1,776,-383:line:64 is error,the price is less than 0
67,1,,421:line:68 is error,npc is error
68,3,,490:line:69 is error,npc is error
69,2,-939,-352:line:70 is error,the price is less than 0
71,3,,-394:line:72 is error,the price is less than 0
73,1,976,1005:line:74 is error,npc is error
76,4,,365:line:77 is error,npc is error
79,5,,170:line:80 is error,npc is error
81,2,,174:line:82 is error,npc is error
82,1,-513,210:line:83 is error,the price is less than 0
84,1,771,-375:line:85 is error,the price is less than 0
86,5,724,734:line:87 is error,npc is error
87,5,832,-403:line:88 is error,the price is less than 0
89,2,,337:line:90 is error,npc is error
92,2,-634,499:line:93 is error,the price is less than 0
93,5,823,917:line:94 is error,npc is error
94,1,-687,431:line:95 is error,the price is less than 0
103,2,665,-326:line:104 is error,the price is less than 0
106,3,536,631:line:107 is error,npc is error
108,3,-679,-360:line:109 is error,the price is less than 0
109,3,805,890:line:110 is error,npc is error
110,3,507,-313:line:111 is error,the price is less than 0
125,2,-812,326:line:126 is error,the price is less than 0
127,4,-670,287:line:128 is error,the price is less than 0
131,1,-972,492:line:132 is error,the price is less than 0
134,3,884,-100:line:135 is error,the price is less than 0
136,4,-867,-454:line:137 is error,the price is less than 0
137,5,,427:line:138 is error,npc is error
140,2,-628,-550:line:141 is error,the price is less than 0
142,4,-718,165:line:143 is error,the price is less than 0
143,4,979,-347:line:144 is error,the price is less than 0
148,5,-629,:line:149 is error,the price is less than 0
152,1,904,-129:line:153 is error,the price is less than 0
155,1,,322:line:156 is error,npc is error
159,1,729,810:line:160 is error,npc is error
161,4,564,652:line:162 is error,npc is error
166,5,563,594:line:167 is error,npc is error
167,4,,366:line:168 is error,npc is error
168,5,,470:line:169 is error,npc is error
171,2,,159:line:172 is error,npc is error
173,5,,341:line:174 is error,npc is error
175,3,508,562:line:176 is error,npc is error
178,3,-514,377:line:179 is error,the price is less than 0
179,2,528,605:line:180 is error,npc is error
180,3,576,627:line:181 is error,npc is error
181,4,974,-280:line:182 is error,the price is less than 0
182,5,,295:line:183 is error,npc is error
183,1,988,1065:line:184 is error,npc is error
187,4,,-469:line:188 is error,the price is less than 0
188,5,751,806:line:189 is error,npc is error
190,4,779,-395:line:191 is error,the price is less than 0
193,5,,228:line:194 is error,npc is error
195,5,,220:line:196 is error,npc is error
197,2,761,-417:line:198 is error,the price is less than 0
200,5,618,663:line:201 is error,npc is error
205,5,632,719:line:206 is error,npc is error
206,2,,143:line:207 is error,npc is error
211,1,-676,:line:212 is error,the price is less than 0
214,2,,376:line:215 is error,npc is error
216,1,548,614:line:217 is error,npc is error
228,3,931,-367:line:229 is error,the price is less than 0
231,5,,336:line:232 is error,npc is error
232,4,,482:line:233 is error,npc is error
235,2,-885,330:line:236 is error,the price is less than 0
242,3,806,-491:line:243 is error,the price is less than 0
245,3,691,-199:line:246 is error,the price is less than 0
246,4,-520,-430:line:247 is error,the price is less than 0
247,4,508,-467:line:248 is error,the price is less than 0
250,4,-834,-213:line:251 is error,the price is less than 0
258,3,-600,-266:line:259 is error,the price is less than 0
259,3,-554,250:line:260 is error,the price is less than 0
264,2,654,-310:line:265 is error,the price is less than 0
265,5,-653,106:line:266 is error,the price is less than 0
270,1,944,1039:line:271 is error,npc is error
275,2,,419:line:276 is error,npc is error
278,1,-809,-782:line:279 is error,the price is less than 0
280,1,591,-333:line:281 is error,the price is less than 0
281,4,-528,171:line:282 is error,the price is less than 0
282,1,896,963:line:283 is error,npc is error
285,4,,121:line:286 is error,npc is error
289,1,606,636:line:290 is error,npc is error
291,2,-817,323:line:292 is error,the price is less than 0
292,4,549,-212:line:293 is error,the price is less than 0
293,4,-992,:line:294 is error,the price is less than 0
296,3,-878,491:line:297 is error,the price is less than 0
298,3,-692,312:line:299 is error,the price is less than 0
299,4,-788,225:line:300 is error,the price is less than 0
303,2,951,1020:line:304 is error,npc is error
305,3,868,915:line:306 is error,npc is error
308,2,-657,218:line:309 is error,the price is less than 0
313,4,-675,:line:314 is error,the price is less than 0
319,4,,228:line:320 is error,npc is error
321,5,-657,375:line:322 is error,the price is less than 0
324,4,880,-103:line:325 is error,the price is less than 0
330,2,648,743:line:331 is error,npc is error
331,1,803,856:line:332 is error,npc is error
335,3,-877,109:line:336 is error,the price is less than 0
338,3,-845,101:line:339 is error,the price is less than 0
341,1,,282:line:342 is error,npc is error
344,1,,264:line:345 is error,npc is error
345,4,-909,203:line:346 is error,the price is less than 0
352,2,,435:line:353 is error,npc is error
357,5,531,549:line:358 is error,npc is error
358,2,,434:line:359 is error,npc is error
361,5,-843,327:line:362 is error,the price is less than 0
362,4,732,-402:line:363 is error,the price is less than 0
366,3,989,-364:line:367 is error,the price is less than 0
369,1,,365:line:370 is error,npc is error
371,2,,347:line:372 is error,npc is error
374,1,597,-395:line:375 is error,the price is less than 0
376,2,891,-497:line:377 is error,the price is less than 0
380,1,-738,191:line:381 is error,the price is less than 0
382,4,564,-374:line:383 is error,the price is less than 0
384,1,,260:line:385 is error,npc is error
386,1,907,-441:line:387 is error,the price is less than 0
389,2,-500,350:line:390 is error,the price is less than 0
391,2,-932,416:line:392 is error,the price is less than 0
395,2,607,623:line:396 is error,npc is error
396,4,-940,289:line:397 is error,the price is less than 0
398,4,-531,:line:399 is error,the price is less than 0
399,1,706,-234:line:400 is error,the price is less than 0
402,5,,-446:line:403 is error,the price is less than 0
403,3,-731,279:line:404 is error,the price is less than 0
415,1,509,-185:line:416 is error,the price is less than 0
423,3,-861,206:line:424 is error,the price is less than 0
424,3,-995,253:line:425 is error,the price is less than 0
430,4,558,-486:line:431 is error,the price is less than 0
431,5,,254:line:432 is error,npc is error
433,3,,496:line:434 is error,npc is error
436,1,-975,306:line:437 is error,the price is less than 0
439,5,872,922:line:440 is error,npc is error
443,4,,385:line:444 is error,npc is error
444,4,,333:line:445 is error,npc is error
445,2,949,-461:line:446 is error,the price is less than 0
448,4,686,-212:line:449 is error,the price is less than 0
449,1,-806,414:line:450 is error,the price is less than 0
450,1,850,-447:line:451 is error,the price is less than 0
452,4,-907,278:line:453 is error,the price is less than 0
457,3,698,-106:line:458 is error,the price is less than 0
459,3,-662,:line:460 is error,the price is less than 0
461,2,-542,177:line:462 is error,the price is less than 0
466,4,564,640:line:467 is error,npc is error
470,4,727,-150:line:471 is error,the price is less than 0
471,1,,410:line:472 is error,npc is error
472,1,870,932:line:473 is error,npc is error
475,1,972,-132:line:476 is error,the price is less than 0
476,2,609,659:line:477 is error,npc is error
477,3,981,-156:line:478 is error,the price is less than 0
478,4,666,-182:line:479 is error,the price is less than 0
487,4,-604,188:line:488 is error,the price is less than 0
491,3,-701,383:line:492 is error,the price is less than 0
495,2,,261:line:496 is error,npc is error
499,3,528,576:line:500 is error,npc is error
501,4,,157:line:502 is error,npc is error
503,3,546,646:line:504 is error,npc is error
505,5,,113:line:506 is error,npc is error
509,5,-599,161:line:510 is error,the price is less than 0
517,4,-583,281:line:518 is error,the price is less than 0
520,1,726,794:line:521 is error,npc is error
523,5,-876,165:line:524 is error,the price is less than 0
526,3,,274:line:527 is error,npc is error
527,2,537,-200:line:528 is error,the price is less than 0
530,5,539,635:line:531 is error,npc is error
531,4,,227:line:532 is error,npc is error
532,1,848,900:line:533 is error,npc is error
535,3,-743,:line:536 is error,the price is less than 0
539,3,-799,:line:540 is error,the price is less than 0
542,5,,249:line:543 is error,npc is error
544,1,,351:line:545 is error,npc is error
547,1,,465:line:548 is error,npc is error
551,4,761,839:line:552 is error,npc is error
553,1,867,-306:line:554 is error,the price is less than 0
557,1,755,-352:line:558 is error,the price is less than 0
564,3,,215:line:565 is error,npc is error
565,5,,314:line:566 is error,npc is error
575,4,-711,360:line:576 is error,the price is less than 0
577,1,,172:line:578 is error,npc is error
578,5,-952,-875:line:579 is error,the price is less than 0
587,4,979,-275:line:588 is error,the price is less than 0
589,4,526,-282:line:590 is error,the price is less than 0
591,3,974,1068:line:592 is error,npc is error
592,1,550,640:line:593 is error,npc is error
595,1,,400:line:596 is error,npc is error
599,4,-694,253:line:600 is error,the price is less than 0
601,3,-864,235:line:602 is error,the price is less than 0
604,3,-696,358:line:605 is error,the price is less than 0
605,3,-694,226:line:606 is error,the price is less than 0
606,3,870,921:line:607 is error,npc is error
608,3,828,-221:line:609 is error,the price is less than 0
610,2,713,-199:line:611 is error,the price is less than 0
613,4,817,-335:line:614 is error,the price is less than 0
614,4,,129:line:615 is error,npc is error
619,3,603,-256:line:620 is error,the price is less than 0
621,4,-991,-965:line:622 is error,the price is less than 0
622,5,,337:line:623 is error,npc is error
628,1,607,-319:line:629 is error,the price is less than 0
634,2,924,-255:line:635 is error,the price is less than 0
636,5,,-197:line:637 is error,the price is less than 0
637,3,-588,-194:line:638 is error,the price is less than 0
638,1,-786,:line:639 is error,the price is less than 0
641,3,,214:line:642 is error,npc is error
646,5,,-492:line:647 is error,the price is less than 0
649,1,975,-151:line:650 is error,the price is less than 0
652,2,-799,-270:line:653 is error,the price is less than 0
654,1,-952,-144:line:655 is error,the price is less than 0
655,3,-502,210:line:656 is error,the price is less than 0
658,2,,486:line:659 is error,npc is error
659,2,,110:line:660 is error,npc is error
660,3,899,932:line:661 is error,npc is error
674,2,-591,399:line:675 is error,the price is less than 0
688,2,,361:line:689 is error,npc is error
689,2,651,719:line:690 is error,npc is error
693,4,,427:line:694 is error,npc is error
696,5,,-417:line:697 is error,the price is less than 0
698,2,,163:line:699 is error,npc is error
699,1,977,-300:line:700 is error,the price is less than 0
701,3,,213:line:702 is error,npc is error
703,3,-517,219:line:704 is error,the price is less than 0
704,3,,389:line:705 is error,npc is error
710,1,,463:line:711 is error,npc is error
711,4,574,673:line:712 is error,npc is error
716,3,684,-236:line:717 is error,the price is less than 0
717,2,731,-308:line:718 is error,the price is less than 0
719,5,,-256:line:720 is error,the price is less than 0
722,1,,481:line:723 is error,npc is error
723,1,975,-124:line:724 is error,the price is less than 0
724,3,943,961:line:725 is error,npc is error
727,2,967,1010:line:728 is error,npc is error
736,1,,304:line:737 is error,npc is error
751,1,,243:line:752 is error,npc is error
752,2,789,-190:line:753 is error,the price is less than 0
757,4,,169:line:758 is error,npc is error
758,5,,442:line:759 is error,npc is error
763,2,653,731:line:764 is error,npc is error
764,2,614,692:line:765 is error,npc is error
765,2,,456:line:766 is error,npc is error
771,2,851,-473:line:772 is error,the price is less than 0
772,2,,-124:line:773 is error,the price is less than 0
773,1,,429:line:774 is error,npc is error
774,1,759,823:line:775 is error,npc is error
781,1,-843,368:line:782 is error,the price is less than 0
782,4,701,788:line:783 is error,npc is error
784,4,,278:line:785 is error,npc is error
788,1,,349:line:789 is error,npc is error
790,5,538,562:line:791 is error,npc is error
792,2,,473:line:793 is error,npc is error
794,3,-859,182:line:795 is error,the price is less than 0
795,4,,407:line:796 is error,npc is error
797,3,509,559:line:798 is error,npc is error
800,3,929,979:line:801 is error,npc is error
801,5,-729,-699:line:802 is error,the price is less than 0
804,3,,-428:line:805 is error,the price is less than 0
806,3,-567,347:line:807 is error,the price is less than 0
809,1,,453:line:810 is error,npc is error
815,3,-708,255:line:816 is error,the price is less than 0
817,5,-964,482:line:818 is error,the price is less than 0
819,3,-940,134:line:820 is error,the price is less than 0
826,2,,366:line:827 is error,npc is error
827,2,510,599:line:828 is error,npc is error
830,4,-600,264:line:831 is error,the price is less than 0
831,2,571,630:line:832 is error,npc is error
833,4,521,-190:line:834 is error,the price is less than 0
836,2,-786,127:line:837 is error,the price is less than 0
838,5,529,-180:line:839 is error,the price is less than 0
839,2,811,844:line:840 is error,npc is error
840,2,-575,194:line:841 is error,the price is less than 0
845,1,941,-352:line:846 is error,the price is less than 0
847,1,-881,362:line:848 is error,the price is less than 0
848,5,-525,462:line:849 is error,the price is less than 0
851,1,-757,411:line:852 is error,the price is less than 0
854,2,,236:line:855 is error,npc is error
857,1,708,-437:line:858 is error,the price is less than 0
859,5,743,-422:line:860 is error,the price is less than 0
861,5,577,-414:line:862 is error,the price is less than 0
862,3,-941,-412:line:863 is error,the price is less than 0
865,1,,287:line:866 is error,npc is error
869,1,-800,138:line:870 is error,the price is less than 0
878,1,845,883:line:879 is error,npc is error
881,2,,324:line:882 is error,npc is error
886,5,979,-420:line:887 is error,the price is less than 0
895,4,-951,-921:line:896 is error,the price is less than 0
897,2,547,582:line:898 is error,npc is error
901,2,751,-106:line:902 is error,the price is less than 0
903,3,-524,323:line:904 is error,the price is less than 0
908,3,914,-435:line:909 is error,the price is less than 0
909,5,528,-180:line:910 is error,the price is less than 0
910,4,-661,-651:line:911 is error,the price is less than 0
913,2,-542,371:line:914 is error,the price is less than 0
915,4,845,867:line:916 is error,npc is error
917,3,-727,344:line:918 is error,the price is less than 0
920,5,,-124:line:921 is error,the price is less than 0
929,2,969,-111:line:930 is error,the price is less than 0
930,1,-895,149:line:931 is error,the price is less than 0
932,5,-773,461:line:933 is error,the price is less than 0
933,4,-936,147:line:934 is error,the price is less than 0
934,2,581,668:line:935 is error,npc is error
935,5,-940,228:line:936 is error,the price is less than 0
937,5,,-403:line:938 is error,the price is less than 0
938,4,,351:line:939 is error,npc is error
939,1,511,557:line:940 is error,npc is error
940,4,987,-391:line:941 is error,the price is less than 0
947,5,-626,326:line:948 is error,the price is less than 0
949,2,529,-389:line:950 is error,the price is less than 0
951,4,-871,426:line:952 is error,the price is less than 0
969,4,-794,300:line:970 is error,the price is less than 0
970,1,,278:line:971 is error,npc is error
972,1,-941,-923:line:973 is error,the price is less than 0
977,4,-707,:line:978 is error,the price is less than 0
978,1,-713,129:line:979 is error,the price is less than 0
979,2,606,-124:line:980 is error,the price is less than 0
981,5,-850,159:line:982 is error,the price is less than 0
982,4,,489:line:983 is error,npc is error
991,4,516,613:line:992 is error,npc is error
995,4,797,875:line:996 is error,npc is error
998,1,-792,481:line:999 is error,the price is less than 0
999,5,-710,:line:1000 is error,the price is less than 0
1001,3,-573,467:line:1002 is error,the price is less than 0
1003,4,,217:line:1004 is error,npc is error
1009,1,675,758:line:1010 is error,npc is error
1010,5,-803,-131:line:1011 is error,the price is less than 0
1011,5,839,-343:line:1012 is error,the price is less than 0
1016,4,728,745:line:1017 is error,npc is error
1018,1,587,666:line:1019 is error,npc is error
1022,1,-768,-138:line:1023 is error,the price is less than 0
1025,5,,123:line:1026 is error,npc is error
1026,3,653,730:line:1027 is error,npc is error
1031,2,-586,-153:line:1032 is error,the price is less than 0
1033,5,,157:line:1034 is error,npc is error
1036,4,771,868:line:1037 is error,npc is error
1040,3,512,-253:line:1041 is error,the price is less than 0
1043,1,,169:line:1044 is error,npc is error
1044,4,-741,274:line:1045 is error,the price is less than 0
1045,5,,432:line:1046 is error,npc is error
1046,1,,102:line:1047 is error,npc is error
1047,3,,226:line:1048 is error,npc is error
1054,4,977,-167:line:1055 is error,the price is less than 0
1055,1,-764,481:line:1056 is error,the price is less than 0
1069,2,,208:line:1070 is error,npc is error
1075,5,-509,356:line:1076 is error,the price is less than 0
1079,4,803,-197:line:1080 is error,the price is less than 0
1081,4,,-234:line:1082 is error,the price is less than 0
1084,2,-583,254:line:1085 is error,the price is less than 0
1086,3,751,807:line:1087 is error,npc is error
1087,3,-881,:line:1088 is error,the price is less than 0
1090,2,-639,241:line:1091 is error,the price is less than 0
1093,5,586,607:line:1094 is error,npc is error
1097,1,716,-492:line:1098 is error,the price is less than 0
1098,3,-560,:line:1099 is error,the price is less than 0
1099,4,-859,431:line:1100 is error,the price is less than 0
1103,4,,407:line:1104 is error,npc is error
1105,3,,116:line:1106 is error,npc is error
1107,4,704,-212:line:1108 is error,the price is less than 0
1112,4,,354:line:1113 is error,npc is error
1115,2,-896,174:line:1116 is error,the price is less than 0
1119,1,871,-199:line:1120 is error,the price is less than 0
1121,5,892,961:line:1122 is error,npc is error
1127,1,-743,147:line:1128 is error,the price is less than 0
1128,3,530,-331:line:1129 is error,the price is less than 0
1131,4,576,668:line:1132 is error,npc is error
1134,4,859,893:line:1135 is error,npc is error
1135,3,696,771:line:1136 is error,npc is error
1139,2,-610,324:line:1140 is error,the price is less than 0
1141,4,-619,412:line:1142 is error,the price is less than 0
1148,4,,442:line:1149 is error,npc is error
1149,1,926,945:line:1150 is error,npc is error
1153,1,,-188:line:1154 is error,the price is less than 0
1159,1,-842,229:line:1160 is error,the price is less than 0
1160,4,,440:line:1161 is error,npc is error
1161,4,970,1060:line:1162 is error,npc is error
1162,1,-579,-367:line:1163 is error,the price is less than 0
1163,2,,104:line:1164 is error,npc is error
1164,4,,462:line:1165 is error,npc is error
1167,4,613,-139:line:1168 is error,the price is less than 0
1169,3,-966,491:line:1170 is error,the price is less than 0
1170,1,521,-489:line:1171 is error,the price is less than 0
1171,2,,395:line:1172 is error,npc is error
1176,5,919,974:line:1177 is error,npc is error
1177,5,696,-500:line:1178 is error,the price is less than 0
1179,1,-786,116:line:1180 is error,the price is less than 0
1180,4,-964,-943:line:1181 is error,the price is less than 0
1181,1,-642,458:line:1182 is error,the price is less than 0
1184,5,657,-198:line:1185 is error,the price is less than 0
1186,5,-833,314:line:1187 is error,the price is less than 0
1187,1,682,-108:line:1188 is error,the price is less than 0
1189,3,,213:line:1190 is error,npc is error
1191,3,993,1010:line:1192 is error,npc is error
1197,4,-992,-978:line:1198 is error,the price is less than 0
1199,3,,156:line:1200 is error,npc is error
1203,1,-546,-534:line:1204 is error,the price is less than 0
1204,3,724,-109:line:1205 is error,the price is less than 0
1206,4,651,686:line:1207 is error,npc is error
1209,2,590,-347:line:1210 is error,the price is less than 0
1213,3,630,-160:line:1214 is error,the price is less than 0
1215,1,-805,117:line:1216 is error,the price is less than 0
1216,2,-747,:line:1217 is error,the price is less than 0
1220,3,-940,166:line:1221 is error,the price is less than 0
1221,2,-844,147:line:1222 is error,the price is less than 0
1222,1,,297:line:1223 is error,npc is error
1234,1,567,-241:line:1235 is error,the price is less than 0
1236,4,-896,218:line:1237 is error,the price is less than 0
1239,1,-631,268:line:1240 is error,the price is less than 0
1240,5,675,741:line:1241 is error,npc is error
1242,1,,397:line:1243 is error,npc is error
1243,3,,310:line:1244 is error,npc is error
1244,5,-856,144:line:1245 is error,the price is less than 0
1255,3,-872,143:line:1256 is error,the price is less than 0
1260,1,-545,313:line:1261 is error,the price is less than 0
1262,5,-926,-862:line:1263 is error,the price is less than 0
1263,3,885,-341:line:1264 is error,the price is less than 0
1264,1,,342:line:1265 is error,npc is error
1266,3,,487:line:1267 is error,npc is error
1269,5,640,-169:line:1270 is error,the price is less than 0
1271,2,-632,166:line:1272 is error,the price is less than 0
1272,1,,322:line:1273 is error,npc is error
1276,4,,195:line:1277 is error,npc is error
1281,4,957,-348:line:1282 is error,the price is less than 0
1282,1,,-299:line:1283 is error,the price is less than 0
1284,1,,104:line:1285 is error,npc is error
1285,2,902,-471:line:1286 is error,the price is less than 0
1287,1,-729,126:line:1288 is error,the price is less than 0
1288,3,-782,-735:line:1289 is error,the price is less than 0
1293,1,989,-399:line:1294 is error,the price is less than 0
1294,5,,333:line:1295 is error,npc is error
1295,5,,-490:line:1296 is error,the price is less than 0
1299,4,831,-274:line:1300 is error,the price is less than 0
1301,1,670,-182:line:1302 is error,the price is less than 0
1306,3,,275:line:1307 is error,npc is error
1310,3,-856,-787:line:1311 is error,the price is less than 0
1317,5,,462:line:1318 is error,npc is error
1319,2,950,976:line:1320 is error,npc is error
1320,3,-647,372:line:1321 is error,the price is less than 0
1324,1,794,-337:line:1325 is error,the price is less than 0
1326,3,712,773:line:1327 is error,npc is error
1334,4,-654,482:line:1335 is error,the price is less than 0
1335,3,-524,316:line:1336 is error,the price is less than 0
1336,4,854,-415:line:1337 is error,the price is less than 0
1345,5,,410:line:1346 is error,npc is error
1346,4,,161:line:1347 is error,npc is error
1347,3,,169:line:1348 is error,npc is error
1348,4,549,583:line:1349 is error,npc is error
1351,1,-581,300:line:1352 is error,the price is less than 0
1355,1,635,-193:line:1356 is error,the price is less than 0
1357,1,-912,-888:line:1358 is error,the price is less than 0
1364,1,-637,291:line:1365 is error,the price is less than 0
1365,2,,254:line:1366 is error,npc is error
1366,1,-772,149:line:1367 is error,the price is less than 0
1373,3,637,654:line:1374 is error,npc is error
1374,3,,159:line:1375 is error,npc is error
1382,1,,456:line:1383 is error,npc is error
1389,5,-823,332:line:1390 is error,the price is less than 0
1393,1,,103:line:1394 is error,npc is error
1394,4,889,-366:line:1395 is error,the price is less than 0
1396,3,632,-333:line:1397 is error,the price is less than 0
1397,3,892,-305:line:1398 is error,the price is less than 0
1399,5,,292:line:1400 is error,npc is error
1404,2,-906,476:line:1405 is error,the price is less than 0
1405,1,984,-312:line:1406 is error,the price is less than 0
1407,1,-925,-143:line:1408 is error,the price is less than 0
1411,2,-821,152:line:1412 is error,the price is less than 0
1412,3,517,529:line:1413 is error,npc is error
1414,3,-829,360:line:1415 is error,the price is less than 0
1420,1,,124:line:1421 is error,npc is error
1423,1,-751,:line:1424 is error,the price is less than 0
1424,1,-996,-927:line:1425 is error,the price is less than 0
1428,1,761,-193:line:1429 is error,the price is less than 0
1431,1,-821,313:line:1432 is error,the price is less than 0
1439,4,,-309:line:1440 is error,the price is less than 0
1442,1,,324:line:1443 is error,npc is error
1445,2,,181:line:1446 is error,npc is error
1447,1,-740,306:line:1448 is error,the price is less than 0
1450,5,,-276:line:1451 is error,the price is less than 0
1454,3,,154:line:1455 is error,npc is error
1455,4,,187:line:1456 is error,npc is error
1456,1,744,822:line:1457 is error,npc is error
1460,3,578,626:line:1461 is error,npc is error
1463,4,-965,315:line:1464 is error,the price is less than 0
1465,4,,327:line:1466 is error,npc is error
1468,3,778,842:line:1469 is error,npc is error
1469,5,647,-438:line:1470 is error,the price is less than 0
1471,5,-934,:line:1472 is error,the price is less than 0
1472,3,-899,-848:line:1473 is error,the price is less than 0
1473,3,546,620:line:1474 is error,npc is error
1484,5,,469:line:1485 is error,npc is error
1487,3,781,-427:line:1488 is error,the price is less than 0
1490,2,572,-313:line:1491 is error,the price is less than 0
1491,4,,-325:line:1492 is error,the price is less than 0
1493,1,,408:line:1494 is error,npc is error
1495,4,742,813:line:1496 is error,npc is error
1499,2,-588,197:line:1500 is error,the price is less than 0
1508,4,-716,137:line:1509 is error,the price is less than 0
1511,3,-563,124:line:1512 is error,the price is less than 0
1514,5,,302:line:1515 is error,npc is error
1515,3,817,866:line:1516 is error,npc is error
1516,2,,307:line:1517 is error,npc is error
1517,2,,-285:line:1518 is error,the price is less than 0
1520,1,-951,-406:line:1521 is error,the price is less than 0
1521,1,,237:line:1522 is error,npc is error
1524,4,,450:line:1525 is error,npc is error
1526,4,840,-207:line:1527 is error,the price is less than 0
1528,1,,-269:line:1529 is error,the price is less than 0
1530,4,940,957:line:1531 is error,npc is error
1532,2,-609,179:line:1533 is error,the price is less than 0
1535,5,983,-274:line:1536 is error,the price is less than 0
1537,2,771,-265:line:1538 is error,the price is less than 0
1541,2,,143:line:1542 is error,npc is error
1546,2,-924,313:line:1547 is error,the price is less than 0
1547,4,,434:line:1548 is error,npc is error
1548,1,,-262:line:1549 is error,the price is less than 0
1551,2,817,831:line:1552 is error,npc is error
1552,1,-962,412:line:1553 is error,the price is less than 0
1553,4,777,815:line:1554 is error,npc is error
1556,4,979,-459:line:1557 is error,the price is less than 0
1559,3,773,800:line:1560 is error,npc is error
1560,2,,273:line:1561 is error,npc is error
1567,5,-918,112:line:1568 is error,the price is less than 0
1568,1,814,-389:line:1569 is error,the price is less than 0
1571,4,964,1058:line:1572 is error,npc is error
1572,3,-944,190:line:1573 is error,the price is less than 0
1573,4,-927,211:line:1574 is error,the price is less than 0
1576,3,709,769:line:1577 is error,npc is error
1580,1,-640,176:line:1581 is error,the price is less than 0
1582,2,863,940:line:1583 is error,npc is error
1584,3,816,887:line:1585 is error,npc is error
1585,4,-943,407:line:1586 is error,the price is less than 0
1586,2,,149:line:1587 is error,npc is error
1587,3,707,-460:line:1588 is error,the price is less than 0
1588,2,681,-425:line:1589 is error,the price is less than 0
1596,2,631,-133:line:1597 is error,the price is less than 0
1604,5,,196:line:1605 is error,npc is error
1606,3,-862,-839:line:1607 is error,the price is less than 0
1611,4,,280:line:1612 is error,npc is error
1612,3,-904,127:line:1613 is error,the price is less than 0
1613,3,526,557:line:1614 is error,npc is error
1614,4,-768,184:line:1615 is error,the price is less than 0
1622,2,-672,177:line:1623 is error,the price is less than 0
1625,4,829,924:line:1626 is error,npc is error
1628,3,-833,353:line:1629 is error,the price is less than 0
1631,1,,118:line:1632 is error,npc is error
1633,1,,419:line:1634 is error,npc is error
1634,2,-972,102:line:1635 is error,the price is less than 0
1639,5,931,-406:line:1640 is error,the price is less than 0
1648,4,585,598:line:1649 is error,npc is error
1650,5,-890,451:line:1651 is error,the price is less than 0
1652,4,-988,289:line:1653 is error,the price is less than 0
1653,4,-600,314:line:1654 is error,the price is less than 0
1656,2,,271:line:1657 is error,npc is error
1661,2,,441:line:1662 is error,npc is error
1663,2,,271:line:1664 is error,npc is error
1668,2,,398:line:1669 is error,npc is error
1671,1,598,682:line:1672 is error,npc is error
1673,2,-705,402:line:1674 is error,the price is less than 0
1678,2,938,-293:line:1679 is error,the price is less than 0
1679,2,,210:line:1680 is error,npc is error
1685,5,730,-267:line:1686 is error,the price is less than 0
1689,1,821,845:line:1690 is error,npc is error
1695,5,718,-232:line:1696 is error,the price is less than 0
1696,2,-506,112:line:1697 is error,the price is less than 0
1706,3,,385:line:1707 is error,npc is error
1707,5,925,-369:line:1708 is error,the price is less than 0
1711,2,983,1026:line:1712 is error,npc is error
1717,4,-702,242:line:1718 is error,the price is less than 0
1718,3,702,732:line:1719 is error,npc is error
1719,4,,429:line:1720 is error,npc is error
1723,5,,368:line:1724 is error,npc is error
1727,1,714,805:line:1728 is error,npc is error
1730,5,-647,282:line:1731 is error,the price is less than 0
1731,1,559,-369:line:1732 is error,the price is less than 0
1735,4,,185:line:1736 is error,npc is error
1738,5,826,907:line:1739 is error,npc is error
1740,3,,-194:line:1741 is error,the price is less than 0
1743,4,-518,436:line:1744 is error,the price is less than 0
1745,2,,458:line:1746 is error,npc is error
1753,1,-959,322:line:1754 is error,the price is less than 0
1754,5,857,882:line:1755 is error,npc is error
1755,3,861,-359:line:1756 is error,the price is less than 0
1756,5,-997,261:line:1757 is error,the price is less than 0
1758,5,-883,476:line:1759 is error,the price is less than 0
1759,4,,492:line:1760 is error,npc is error
1760,5,-697,457:line:1761 is error,the price is less than 0
1774,2,971,1046:line:1775 is error,npc is error
1775,1,,109:line:1776 is error,npc is error
1777,2,,326:line:1778 is error,npc is error
1778,2,1000,1090:line:1779 is error,npc is error
1782,3,-999,106:line:1783 is error,the price is less than 0
1783,3,-934,-150:line:1784 is error,the price is less than 0
1788,3,843,-284:line:1789 is error,the price is less than 0
1789,2,879,-433:line:1790 is error,the price is less than 0
1792,5,770,-487:line:1793 is error,the price is less than 0
1796,1,-508,453:line:1797 is error,the price is less than 0
1799,4,536,628:line:1800 is error,npc is error
1800,1,-872,:line:1801 is error,the price is less than 0
1801,3,-854,431:line:1802 is error,the price is less than 0
1804,5,,172:line:1805 is error,npc is error
1805,4,-798,:line:1806 is error,the price is less than 0
1811,1,924,-199:line:1812 is error,the price is less than 0
1812,2,,485:line:1813 is error,npc is error
1821,2,-996,-434:line:1822 is error,the price is less than 0
1838,2,,316:line:1839 is error,npc is error
1842,2,,130:line:1843 is error,npc is error
1844,1,616,659:line:1845 is error,npc is error
1845,5,-756,292:line:1846 is error,the price is less than 0
1847,1,,349:line:1848 is error,npc is error
1848,5,,374:line:1849 is error,npc is error
1850,5,-502,257:line:1851 is error,the price is less than 0
1856,1,-628,:line:1857 is error,the price is less than 0
1860,5,-927,:line:1861 is error,the price is less than 0
1866,3,,280:line:1867 is error,npc is error
1868,3,,-263:line:1869 is error,the price is less than 0
1870,3,795,848:line:1871 is error,npc is error
1874,5,609,630:line:1875 is error,npc is error
1879,1,914,928:line:1880 is error,npc is error
1881,4,830,927:line:1882 is error,npc is error
1882,3,635,-278:line:1883 is error,the price is less than 0
1884,1,554,-412:line:1885 is error,the price is less than 0
1888,3,855,-443:line:1889 is error,the price is less than 0
1889,1,,123:line:1890 is error,npc is error
1890,2,702,-306:line:1891 is error,the price is less than 0
1891,3,,233:line:1892 is error,npc is error
1896,4,,159:line:1897 is error,npc is error
1897,5,,-184:line:1898 is error,the price is less than 0
1898,2,883,939:line:1899 is error,npc is error
1899,3,898,926:line:1900 is error,npc is error
1904,2,568,595:line:1905 is error,npc is error
1909,3,626,707:line:1910 is error,npc is error
1911,1,550,-356:line:1912 is error,the price is less than 0
1912,4,,196:line:1913 is error,npc is error
1913,5,-847,271:line:1914 is error,the price is less than 0
1914,1,,330:line:1915 is error,npc is error
1915,2,-853,:line:1916 is error,the price is less than 0
1924,2,934,983:line:1925 is error,npc is error
1931,1,-956,455:line:1932 is error,the price is less than 0
1936,3,-588,-104:line:1937 is error,the price is less than 0
1937,2,,114:line:1938 is error,npc is error
1941,4,931,-417:line:1942 is error,the price is less than 0
1946,2,793,861:line:1947 is error,npc is error
1949,1,903,-307:line:1950 is error,the price is less than 0
1950,5,,131:line:1951 is error,npc is error
1951,5,,358:line:1952 is error,npc is error
1961,2,908,-306:line:1962 is error,the price is less than 0
1966,4,939,-245:line:1967 is error,the price is less than 0
1967,3,,399:line:1968 is error,npc is error
1968,2,550,-122:line:1969 is error,the price is less than 0
1970,4,918,-305:line:1971 is error,the price is less than 0
1973,1,,200:line:1974 is error,npc is error
1974,5,,394:line:1975 is error,npc is error
1975,3,,264:line:1976 is error,npc is error
1976,4,825,840:line:1977 is error,npc is error
1978,2,,461:line:1979 is error,npc is error
1982,4,,372:line:1983 is error,npc is error
1984,4,,315:line:1985 is error,npc is error
1985,1,649,-428:line:1986 is error,the price is less than 0
1987,5,-802,115:line:1988 is error,the price is less than 0
1990,5,,429:line:1991 is error,npc is error
1996,1,-515,104:line:1997 is error,the price is less than 0
2003,1,936,-238:line:2004 is error,the price is less than 0
2005,1,,-259:line:2006 is error,the price is less than 0
2007,4,694,-364:line:2008 is error,the price is less than 0
2013,1,-620,397:line:2014 is error,the price is less than 0
2014,1,,182:line:2015 is error,npc is error
2015,5,,386:line:2016 is error,npc is error
2021,5,706,732:line:2022 is error,npc is error
2022,5,630,-285:line:2023 is error,the price is less than 0
2029,4,753,829:line:2030 is error,npc is error
2031,3,-678,-645:line:2032 is error,the price is less than 0
2033,3,,499:line:2034 is error,npc is error
2034,4,807,-475:line:2035 is error,the price is less than 0
2038,1,614,640:line:2039 is error,npc is error
2041,2,553,577:line:2042 is error,npc is error
2044,5,759,-378:line:2045 is error,the price is less than 0
2045,5,-918,-821:line:2046 is error,the price is less than 0
2046,4,908,-247:line:2047 is error,the price is less than 0
2047,1,966,-209:line:2048 is error,the price is less than 0
2054,1,813,889:line:2055 is error,npc is error
2059,4,553,613:line:2060 is error,npc is error
2062,4,-617,-589:line:2063 is error,the price is less than 0
2065,5,696,720:line:2066 is error,npc is error
2066,1,927,944:line:2067 is error,npc is error
2072,4,-862,464:line:2073 is error,the price is less than 0
2075,2,-713,431:line:2076 is error,the price is less than 0
2078,2,898,985:line:2079 is error,npc is error
2080,2,741,755:line:2081 is error,npc is error
2081,1,,327:line:2082 is error,npc is error
2087,1,,-355:line:2088 is error,the price is less than 0
2092,1,759,847:line:2093 is error,npc is error
2093,5,-674,-636:line:2094 is error,the price is less than 0
2095,5,-859,187:line:2096 is error,the price is less than 0
2097,1,778,822:line:2098 is error,npc is error
2098,4,-735,445:line:2099 is error,the price is less than 0
2100,2,-781,354:line:2101 is error,the price is less than 0
2102,5,646,683:line:2103 is error,npc is error
2105,5,,131:line:2106 is error,npc is error
2107,4,860,-217:line:2108 is error,the price is less than 0
2109,4,-661,328:line:2110 is error,the price is less than 0
2110,3,-633,:line:2111 is error,the price is less than 0
2112,5,,-285:line:2113 is error,the price is less than 0
2113,4,,327:line:2114 is error,npc is error
2114,2,-761,467:line:2115 is error,the price is less than 0
2116,5,751,791:line:2117 is error,npc is error
2122,5,,493:line:2123 is error,npc is error
2123,4,700,788:line:2124 is error,npc is error
2124,5,-634,:line:2125 is error,the price is less than 0
2126,2,-683,341:line:2127 is error,the price is less than 0
2128,5,638,-439:line:2129 is error,the price is less than 0
2131,1,636,-217:line:2132 is error,the price is less than 0
2135,1,554,-223:line:2136 is error,the price is less than 0
2136,4,637,699:line:2137 is error,npc is error
2143,4,,136:line:2144 is error,npc is error
2145,1,,376:line:2146 is error,npc is error
2150,3,-891,333:line:2151 is error,the price is less than 0
2156,2,,460:line:2157 is error,npc is error
2164,2,,-491:line:2165 is error,the price is less than 0
2165,5,,116:line:2166 is error,npc is error
2170,2,744,754:line:2171 is error,npc is error
2178,4,-921,:line:2179 is error,the price is less than 0
2179,3,881,904:line:2180 is error,npc is error
2180,3,-810,200:line:2181 is error,the price is less than 0
2181,4,651,-280:line:2182 is error,the price is less than 0
2185,2,-529,406:line:2186 is error,the price is less than 0
2189,4,843,911:line:2190 is error,npc is error
2195,1,-540,303:line:2196 is error,the price is less than 0
2199,4,,-299:line:2200 is error,the price is less than 0
2200,5,-861,337:line:2201 is error,the price is less than 0
2205,1,,401:line:2206 is error,npc is error
2211,1,555,-471:line:2212 is error,the price is less than 0
2216,3,,258:line:2217 is error,npc is error
2221,4,797,-404:line:2222 is error,the price is less than 0
2222,2,,174:line:2223 is error,npc is error
2224,5,-781,-709:line:2225 is error,the price is less than 0
2227,4,966,1034:line:2228 is error,npc is error
2228,1,,112:line:2229 is error,npc is error
2229,1,952,986:line:2230 is error,npc is error
2230,4,784,868:line:2231 is error,npc is error
2231,2,,193:line:2232 is error,npc is error
2232,4,-958,344:line:2233 is error,the price is less than 0
2234,3,-820,271:line:2235 is error,the price is less than 0
2236,3,,332:line:2237 is error,npc is error
2237,5,947,980:line:2238 is error,npc is error
2239,5,636,735:line:2240 is error,npc is error
2241,2,918,-351:line:2242 is error,the price is less than 0
2242,3,839,900:line:2243 is error,npc is error
2244,1,,461:line:2245 is error,npc is error
2250,1,898,988:line:2251 is error,npc is error
2251,4,,246:line:2252 is error,npc is error
2252,2,,330:line:2253 is error,npc is error
2254,4,-974,295:line:2255 is error,the price is less than 0
2256,2,,-347:line:2257 is error,the price is less than 0
2260,4,-660,137:line:2261 is error,the price is less than 0
2264,1,558,-378:line:2265 is error,the price is less than 0
2273,5,966,-263:line:2274 is error,the price is less than 0
2274,3,,456:line:2275 is error,npc is error
2277,5,701,779:line:2278 is error,npc is error
2279,1,805,-313:line:2280 is error,the price is less than 0
2281,1,-593,447:line:2282 is error,the price is less than 0
2282,1,570,-204:line:2283 is error,the price is less than 0
2286,2,703,-355:line:2287 is error,the price is less than 0
2287,1,-697,379:line:2288 is error,the price is less than 0
2291,5,557,573:line:2292 is error,npc is error
2293,5,-749,253:line:2294 is error,the price is less than 0
2294,2,680,742:line:2295 is error,npc is error
2299,4,540,586:line:2300 is error,npc is error
2300,3,610,696:line:2301 is error,npc is error
2301,4,753,836:line:2302 is error,npc is error
2302,4,,286:line:2303 is error,npc is error
2305,5,-757,221:line:2306 is error,the price is less than 0
2306,4,-606,307:line:2307 is error,the price is less than 0
2309,4,838,-328:line:2310 is error,the price is less than 0
2313,4,948,1008:line:2314 is error,npc is error
2314,2,,-404:line:2315 is error,the price is less than 0
2320,3,721,801:line:2321 is error,npc is error
2323,2,-642,292:line:2324 is error,the price is less than 0
2325,5,,469:line:2326 is error,npc is error
2326,1,537,-147:line:2327 is error,the price is less than 0
2330,5,640,-210:line:2331 is error,the price is less than 0
2333,1,699,-343:line:2334 is error,the price is less than 0
2334,1,547,-304:line:2335 is error,the price is less than 0
2335,1,,107:line:2336 is error,npc is error
2343,2,927,942:line:2344 is error,npc is error
2344,4,729,-237:line:2345 is error,the price is less than 0
2346,4,,481:line:2347 is error,npc is error
2347,3,-984,:line:2348 is error,the price is less than 0
2348,1,771,796:line:2349 is error,npc is error
2353,3,582,647:line:2354 is error,npc is error
2356,4,627,-414:line:2357 is error,the price is less than 0
2361,1,995,-138:line:2362 is error,the price is less than 0
2365,4,,151:line:2366 is error,npc is error
2367,1,,479:line:2368 is error,npc is error
2368,3,833,-461:line:2369 is error,the price is less than 0
2369,4,,333:line:2370 is error,npc is error
2372,1,665,-373:line:2373 is error,the price is less than 0
2377,1,-555,325:line:2378 is error,the price is less than 0
2378,4,,243:line:2379 is error,npc is error
2388,1,-792,-239:line:2389 is error,the price is less than 0
2389,4,708,-337:line:2390 is error,the price is less than 0
2390,4,-656,-383:line:2391 is error,the price is less than 0
2392,5,,231:line:2393 is error,npc is error
2396,3,581,-165:line:2397 is error,the price is less than 0
2397,2,,397:line:2398 is error,npc is error
2401,1,-998,356:line:2402 is error,the price is less than 0
2402,1,839,-451:line:2403 is error,the price is less than 0
2405,3,513,-244:line:2406 is error,the price is less than 0
2410,5,796,812:line:2411 is error,npc is error
2411,4,871,-474:line:2412 is error,the price is less than 0
2413,4,893,-218:line:2414 is error,the price is less than 0
2414,3,-703,426:line:2415 is error,the price is less than 0
2415,5,-503,246:line:2416 is error,the price is less than 0
2420,5,-989,205:line:2421 is error,the price is less than 0
2421,5,714,-374:line:2422 is error,the price is less than 0
2423,5,794,-370:line:2424 is error,the price is less than 0
2424,3,739,809:line:2425 is error,npc is error
2428,3,-625,175:line:2429 is error,the price is less than 0
2429,1,-529,209:line:2430 is error,the price is less than 0
2432,3,550,-258:line:2433 is error,the price is less than 0
2438,1,914,-304:line:2439 is error,the price is less than 0
2439,4,-813,-389:line:2440 is error,the price is less than 0
2441,5,,330:line:2442 is error,npc is error
2445,3,-545,472:line:2446 is error,the price is less than 0
2450,5,505,-228:line:2451 is error,the price is less than 0
2452,3,-674,-619:line:2453 is error,the price is less than 0
2453,1,867,-476:line:2454 is error,the price is less than 0
2454,5,,468:line:2455 is error,npc is error
2455,4,,477:line:2456 is error,npc is error
2457,5,509,-455:line:2458 is error,the price is less than 0
2460,2,941,-195:line:2461 is error,the price is less than 0
2470,4,,209:line:2471 is error,npc is error
2473,2,659,670:line:2474 is error,npc is error
2484,5,539,583:line:2485 is error,npc is error
2485,1,,177:line:2486 is error,npc is error
2487,2,,313:line:2488 is error,npc is error
2488,2,-513,266:line:2489 is error,the price is less than 0
2489,5,-925,253:line:2490 is error,the price is less than 0
2491,2,860,936:line:2492 is error,npc is error
2492,5,-534,396:line:2493 is error,the price is less than 0
2493,2,,331:line:2494 is error,npc is error
2495,4,,299:line:2496 is error,npc is error
2500,2,952,1044:line:2501 is error,npc is error
2501,2,826,900:line:2502 is error,npc is error
2505,2,-508,391:line:2506 is error,the price is less than 0
2508,1,546,581:line:2509 is error,npc is error
2509,5,-740,442:line:2510 is error,the price is less than 0
2513,3,696,741:line:2514 is error,npc is error
2514,5,891,987:line:2515 is error,npc is error
2516,3,816,859:line:2517 is error,npc is error
2520,2,973,-495:line:2521 is error,the price is less than 0
2523,5,,427:line:2524 is error,npc is error
2525,2,598,641:line:2526 is error,npc is error
2534,3,-653,426:line:2535 is error,the price is less than 0
2536,2,-675,:line:2537 is error,the price is less than 0
2539,1,962,-145:line:2540 is error,the price is less than 0
2542,1,,374:line:2543 is error,npc is error
2543,1,-539,-468:line:2544 is error,the price is less than 0
2548,2,704,752:line:2549 is error,npc is error
2549,5,528,561:line:2550 is error,npc is error
2550,1,783,869:line:2551 is error,npc is error
2553,1,-976,178:line:2554 is error,the price is less than 0
2554,1,541,641:line:2555 is error,npc is error
2559,1,662,-291:line:2560 is error,the price is less than 0
2561,2,-570,447:line:2562 is error,the price is less than 0
2564,3,-992,458:line:2565 is error,the price is less than 0
2566,4,514,524:line:2567 is error,npc is error
2568,5,-722,260:line:2569 is error,the price is less than 0
2569,4,-785,232:line:2570 is error,the price is less than 0
2572,3,,455:line:2573 is error,npc is error
2580,4,-698,:line:2581 is error,the price is less than 0
2581,5,-968,314:line:2582 is error,the price is less than 0
2582,1,515,532:line:2583 is error,npc is error
2584,1,,342:line:2585 is error,npc is error
2592,3,956,-486:line:2593 is error,the price is less than 0
2601,1,,223:line:2602 is error,npc is error
2613,4,534,-165:line:2614 is error,the price is less than 0
2617,5,-752,187:line:2618 is error,the price is less than 0
2619,3,714,-113:line:2620 is error,the price is less than 0
2623,3,670,-483:line:2624 is error,the price is less than 0
2624,4,,464:line:2625 is error,npc is error
2625,4,,-263:line:2626 is error,the price is less than 0
2627,2,,279:line:2628 is error,npc is error
2628,1,775,829:line:2629 is error,npc is error
2631,1,939,992:line:2632 is error,npc is error
2632,3,618,-185:line:2633 is error,the price is less than 0
2633,1,,142:line:2634 is error,npc is error
2635,4,-869,110:line:2636 is error,the price is less than 0
2636,5,,113:line:2637 is error,npc is error
2640,3,806,-243:line:2641 is error,the price is less than 0
2641,3,901,-109:line:2642 is error,the price is less than 0
2644,1,-770,:line:2645 is error,the price is less than 0
2645,4,,308:line:2646 is error,npc is error
2646,2,,353:line:2647 is error,npc is error
2650,1,,336:line:2651 is error,npc is error
2653,5,666,-186:line:2654 is error,the price is less than 0
2659,1,,485:line:2660 is error,npc is error
2660,5,-690,105:line:2661 is error,the price is less than 0
2667,5,-716,357:line:2668 is error,the price is less than 0
2670,1,,207:line:2671 is error,npc is error
2671,2,749,798:line:2672 is error,npc is error
2676,1,-915,309:line:2677 is error,the price is less than 0
2677,5,,-403:line:2678 is error,the price is less than 0
2678,5,,153:line:2679 is error,npc is error
2682,2,860,-388:line:2683 is error,the price is less than 0
2686,1,,468:line:2687 is error,npc is error
2695,1,,407:line:2696 is error,npc is error
2699,2,-707,226:line:2700 is error,the price is less than 0
2704,1,,184:line:2705 is error,npc is error
2705,3,-591,353:line:2706 is error,the price is less than 0
2707,4,-597,289:line:2708 is error,the price is less than 0
2708,3,,-471:line:2709 is error,the price is less than 0
2709,3,-802,438:line:2710 is error,the price is less than 0
2710,4,991,1090:line:2711 is error,npc is error
2711,5,-877,310:line:2712 is error,the price is less than 0
2714,1,,355:line:2715 is error,npc is error
2716,1,-745,-690:line:2717 is error,the price is less than 0
2720,4,525,-411:line:2721 is error,the price is less than 0
2723,4,,356:line:2724 is error,npc is error
2726,5,538,-407:line:2727 is error,the price is less than 0
2727,5,,142:line:2728 is error,npc is error
2729,4,-774,380:line:2730 is error,the price is less than 0
2732,2,,116:line:2733 is error,npc is error
2733,2,-739,181:line:2734 is error,the price is less than 0
2736,1,,424:line:2737 is error,npc is error
2738,5,-932,-836:line:2739 is error,the price is less than 0
2740,4,826,839:line:2741 is error,npc is error
2741,4,-924,494:line:2742 is error,the price is less than 0
2743,2,-819,161:line:2744 is error,the price is less than 0
2745,5,574,-199:line:2746 is error,the price is less than 0
2746,3,936,956:line:2747 is error,npc is error
2750,5,709,-449:line:2751 is error,the price is less than 0
2758,5,-949,158:line:2759 is error,the price is less than 0
2759,1,-514,331:line:2760 is error,the price is less than 0
2760,5,,376:line:2761 is error,npc is error
2771,5,,423:line:2772 is error,npc is error
2773,2,,157:line:2774 is error,npc is error
2779,1,-870,383:line:2780 is error,the price is less than 0
2780,1,567,651:line:2781 is error,npc is error
2783,4,,191:line:2784 is error,npc is error
2785,4,,231:line:2786 is error,npc is error
2786,2,,175:line:2787 is error,npc is error
2787,5,,246:line:2788 is error,npc is error
2789,4,-812,179:line:2790 is error,the price is less than 0
2792,1,729,771:line:2793 is error,npc is error
2798,5,713,-236:line:2799 is error,the price is less than 0
2799,4,,-163:line:2800 is error,the price is less than 0
2805,3,504,-437:line:2806 is error,the price is less than 0
2806,2,-647,-614:line:2807 is error,the price is less than 0
2808,5,560,579:line:2809 is error,npc is error
2811,5,-981,453:line:2812 is error,the price is less than 0
2818,5,636,655:line:2819 is error,npc is error
2819,3,931,975:line:2820 is error,npc is error
2820,2,822,856:line:2821 is error,npc is error
2821,5,-657,-574:line:2822 is error,the price is less than 0
2823,3,-808,-752:line:2824 is error,the price is less than 0
2824,3,,224:line:2825 is error,npc is error
2829,4,881,-276:line:2830 is error,the price is less than 0
2831,3,,252:line:2832 is error,npc is error
2833,4,930,-458:line:2834 is error,the price is less than 0
2837,1,816,832:line:2838 is error,npc is error
2838,4,-730,140:line:2839 is error,the price is less than 0
2845,2,882,909:line:2846 is error,npc is error
2846,2,,474:line:2847 is error,npc is error
2847,1,963,1007:line:2848 is error,npc is error
2848,4,,165:line:2849 is error,npc is error
2850,4,,264:line:2851 is error,npc is error
2851,2,816,-297:line:2852 is error,the price is less than 0
2853,3,-780,-681:line:2854 is error,the price is less than 0
2854,5,993,-481:line:2855 is error,the price is less than 0
2858,5,935,999:line:2859 is error,npc is error
2860,4,581,643:line:2861 is error,npc is error
2862,1,529,-166:line:2863 is error,the price is less than 0
2863,1,,102:line:2864 is error,npc is error
2865,2,910,-244:line:2866 is error,the price is less than 0
2870,4,628,-379:line:2871 is error,the price is less than 0
2871,5,820,-449:line:2872 is error,the price is less than 0
2876,1,509,-228:line:2877 is error,the price is less than 0
2878,3,837,913:line:2879 is error,npc is error
2881,3,879,-136:line:2882 is error,the price is less than 0
2885,4,989,-293:line:2886 is error,the price is less than 0
2892,5,801,-134:line:2893 is error,the price is less than 0
2896,4,696,776:line:2897 is error,npc is error
2898,2,,-331:line:2899 is error,the price is less than 0
2899,2,,321:line:2900 is error,npc is error
2900,1,-534,495:line:2901 is error,the price is less than 0
2901,2,-614,:line:2902 is error,the price is less than 0
2904,5,796,-149:line:2905 is error,the price is less than 0
2906,3,,-292:line:2907 is error,the price is less than 0
2908,5,-884,322:line:2909 is error,the price is less than 0
2912,3,849,918:line:2913 is error,npc is error
2914,5,-704,123:line:2915 is error,the price is less than 0
2915,2,640,-476:line:2916 is error,the price is less than 0
2916,4,568,-411:line:2917 is error,the price is less than 0
2917,1,528,623:line:2918 is error,npc is error
2918,3,504,540:line:2919 is error,npc is error
2921,5,861,886:line:2922 is error,npc is error
2922,2,,472:line:2923 is error,npc is error
2924,4,-982,299:line:2925 is error,the price is less than 0
2927,4,725,-266:line:2928 is error,the price is less than 0
2929,5,944,957:line:2930 is error,npc is error
2932,5,656,-199:line:2933 is error,the price is less than 0
2933,2,854,-496:line:2934 is error,the price is less than 0
2935,2,925,-178:line:2936 is error,the price is less than 0
2937,1,935,-395:line:2938 is error,the price is less than 0
2940,5,,496:line:2941 is error,npc is error
2946,1,,233:line:2947 is error,npc is error
2948,2,731,756:line:2949 is error,npc is error
2949,1,656,702:line:2950 is error,npc is error
2952,3,,494:line:2953 is error,npc is error
2954,3,,258:line:2955 is error,npc is error
2967,1,,316:line:2968 is error,npc is error
2970,1,994,1070:line:2971 is error,npc is error
2974,1,,126:line:2975 is error,npc is error
2976,1,893,-148:line:2977 is error,the price is less than 0
2977,5,-714,:line:2978 is error,the price is less than 0
2979,3,,183:line:2980 is error,npc is error
2980,3,-847,150:line:2981 is error,the price is less than 0
2982,3,,279:line:2983 is error,npc is error
2983,2,-989,496:line:2984 is error,the price is less than 0
2986,4,,163:line:2987 is error,npc is error
2987,2,-594,409:line:2988 is error,the price is less than 0
2995,3,-727,112:line:2996 is error,the price is less than 0
2996,1,-584,233:line:2997 is error,the price is less than 0
2997,3,522,-148:line:2998 is error,the price is less than 0
3000,5,-795,423:line:3001 is error,the price is less than 0
3001,4,,193:line:3002 is error,npc is error
3010,4,,138:line:3011 is error,npc is error
3019,3,,142:line:3020 is error,npc is error
3020,1,915,1000:line:3021 is error,npc is error
3021,2,-579,440:line:3022 is error,the price is less than 0
3024,1,904,960:line:3025 is error,npc is error
3026,4,-973,151:line:3027 is error,the price is less than 0
3030,3,660,-431:line:3031 is error,the price is less than 0
3033,1,-659,347:line:3034 is error,the price is less than 0
3035,3,,359:line:3036 is error,npc is error
3039,2,,108:line:3040 is error,npc is error
3042,1,-910,472:line:3043 is error,the price is less than 0
3043,1,1000,1046:line:3044 is error,npc is error
3046,3,-745,205:line:3047 is error,the price is less than 0
3049,5,990,1019:line:3050 is error,npc is error
3050,2,,494:line:3051 is error,npc is error
3052,1,-615,-271:line:3053 is error,the price is less than 0
3054,3,-920,158:line:3055 is error,the price is less than 0
3060,1,,135:line:3061 is error,npc is error
3062,4,670,-100:line:3063 is error,the price is less than 0
3065,2,-559,-186:line:3066 is error,the price is less than 0
3068,2,837,880:line:3069 is error,npc is error
3070,1,527,627:line:3071 is error,npc is error
3073,3,695,-264:line:3074 is error,the price is less than 0
3075,3,894,943:line:3076 is error,npc is error
3080,3,,378:line:3081 is error,npc is error
3082,4,-570,-449:line:3083 is error,the price is less than 0
3084,2,900,-106:line:3085 is error,the price is less than 0
3085,1,,104:line:3086 is error,npc is error
3086,3,953,-144:line:3087 is error,the price is less than 0
3087,1,-999,-913:line:3088 is error,the price is less than 0
3093,4,-955,486:line:3094 is error,the price is less than 0
3097,2,,142:line:3098 is error,npc is error
3098,1,574,651:line:3099 is error,npc is error
3102,4,-797,-357:line:3103 is error,the price is less than 0
3103,4,,-265:line:3104 is error,the price is less than 0
3105,2,-905,108:line:3106 is error,the price is less than 0
3110,3,,233:line:3111 is error,npc is error
3111,5,,491:line:3112 is error,npc is error
3116,2,676,-126:line:3117 is error,the price is less than 0
3120,5,899,-213:line:3121 is error,the price is less than 0
3125,1,,369:line:3126 is error,npc is error
3128,1,782,866:line:3129 is error,npc is error
3130,3,922,-387:line:3131 is error,the price is less than 0
3132,5,-712,384:line:3133 is error,the price is less than 0
3135,5,,224:line:3136 is error,npc is error
3136,2,922,976:line:3137 is error,npc is error
3142,1,,176:line:3143 is error,npc is error
3144,4,529,576:line:3145 is error,npc is error
3145,3,794,-245:line:3146 is error,the price is less than 0
3146,4,-618,317:line:3147 is error,the price is less than 0
3150,2,705,-297:line:3151 is error,the price is less than 0
3153,2,967,-223:line:3154 is error,the price is less than 0
3154,2,750,828:line:3155 is error,npc is error
3156,2,,338:line:3157 is error,npc is error
3158,3,858,-383:line:3159 is error,the price is less than 0
3162,4,-569,348:line:3163 is error,the price is less than 0
3169,4,-936,374:line:3170 is error,the price is less than 0
3172,1,-761,369:line:3173 is error,the price is less than 0
3182,3,,426:line:3183 is error,npc is error
3185,1,918,996:line:3186 is error,npc is error
3186,3,860,-303:line:3187 is error,the price is less than 0
3190,2,-877,384:line:3191 is error,the price is less than 0
3194,2,967,-290:line:3195 is error,the price is less than 0
3199,3,829,862:line:3200 is error,npc is error
3202,1,,124:line:3203 is error,npc is error
3204,4,,461:line:3205 is error,npc is error
3208,2,,320:line:3209 is error,npc is error
3210,5,-946,-289:line:3211 is error,the price is less than 0
3216,3,,315:line:3217 is error,npc is error
3221,1,557,595:line:3222 is error,npc is error
3222,1,981,1054:line:3223 is error,npc is error
3226,1,,221:line:3227 is error,npc is error
3227,1,-974,:line:3228 is error,the price is less than 0
3229,2,781,857:line:3230 is error,npc is error
3230,4,,287:line:3231 is error,npc is error
3231,4,-699,:line:3232 is error,the price is less than 0
3233,1,892,969:line:3234 is error,npc is error
3235,5,-567,:line:3236 is error,the price is less than 0
3239,1,,134:line:3240 is error,npc is error
3240,1,685,-249:line:3241 is error,the price is less than 0
3242,4,-874,320:line:3243 is error,the price is less than 0
3244,1,811,-480:line:3245 is error,the price is less than 0
3247,4,,273:line:3248 is error,npc is error
3248,2,580,602:line:3249 is error,npc is error
3249,2,-629,187:line:3250 is error,the price is less than 0
3252,1,-641,-491:line:3253 is error,the price is less than 0
3256,1,-621,195:line:3257 is error,the price is less than 0
3258,3,-696,175:line:3259 is error,the price is less than 0
3262,3,,436:line:3263 is error,npc is error
3267,5,525,-113:line:3268 is error,the price is less than 0
3270,1,-819,-731:line:3271 is error,the price is less than 0
3273,4,-860,234:line:3274 is error,the price is less than 0
3276,2,638,-420:line:3277 is error,the price is less than 0
3277,4,615,-381:line:3278 is error,the price is less than 0
3278,4,-573,-188:line:3279 is error,the price is less than 0
3279,3,,322:line:3280 is error,npc is error
3281,4,-703,219:line:3282 is error,the price is less than 0
3286,1,,262:line:3287 is error,npc is error
3291,3,-892,-812:line:3292 is error,the price is less than 0
3293,2,756,769:line:3294 is error,npc is error
3304,5,867,-403:line:3305 is error,the price is less than 0
3307,5,-926,-225:line:3308 is error,the price is less than 0
3308,4,-529,487:line:3309 is error,the price is less than 0
3309,2,-660,312:line:3310 is error,the price is less than 0
3317,1,590,-124:line:3318 is error,the price is less than 0
3321,2,-917,-905:line:3322 is error,the price is less than 0
3322,3,-762,326:line:3323 is error,the price is less than 0
3325,2,740,-117:line:3326 is error,the price is less than 0
3326,5,,-229:line:3327 is error,the price is less than 0
3333,3,,227:line:3334 is error,npc is error
3339,5,966,1014:line:3340 is error,npc is error
3343,5,-567,443:line:3344 is error,the price is less than 0
3348,5,-791,411:line:3349 is error,the price is less than 0
3350,5,-874,396:line:3351 is error,the price is less than 0
3352,5,,314:line:3353 is error,npc is error
3353,2,932,-462:line:3354 is error,the price is less than 0
3354,4,-532,464:line:3355 is error,the price is less than 0
3357,5,986,-175:line:3358 is error,the price is less than 0
3358,3,,275:line:3359 is error,npc is error
3360,5,,110:line:3361 is error,npc is error
3362,5,792,867:line:3363 is error,npc is error
3366,2,738,-416:line:3367 is error,the price is less than 0
3370,5,879,-451:line:3371 is error,the price is less than 0
3374,5,,379:line:3375 is error,npc is error
3378,1,,346:line:3379 is error,npc is error
3380,4,,100:line:3381 is error,npc is error
3382,2,590,-131:line:3383 is error,the price is less than 0
3383,3,,242:line:3384 is error,npc is error
3384,4,887,949:line:3385 is error,npc is error
3388,2,-571,410:line:3389 is error,the price is less than 0
3393,4,778,808:line:3394 is error,npc is error
3394,1,-731,122:line:3395 is error,the price is less than 0
3395,5,-923,474:line:3396 is error,the price is less than 0
3398,3,825,888:line:3399 is error,npc is error
3399,4,947,-482:line:3400 is error,the price is less than 0
3400,1,-783,215:line:3401 is error,the price is less than 0
3402,5,,-137:line:3403 is error,the price is less than 0
3403,3,-694,388:line:3404 is error,the price is less than 0
3405,2,865,-379:line:3406 is error,the price is less than 0
3407,3,823,898:line:3408 is error,npc is error
3408,4,-799,-396:line:3409 is error,the price is less than 0
3410,4,598,693:line:3411 is error,npc is error
3412,4,,248:line:3413 is error,npc is error
3415,2,715,804:line:3416 is error,npc is error
3420,2,,-296:line:3421 is error,the price is less than 0
3422,1,-554,-534:line:3423 is error,the price is less than 0
3423,2,620,-105:line:3424 is error,the price is less than 0
3425,4,-762,463:line:3426 is error,the price is less than 0
3426,5,-699,384:line:3427 is error,the price is less than 0
3428,3,787,-111:line:3429 is error,the price is less than 0
3429,2,916,-132:line:3430 is error,the price is less than 0
3445,1,933,-175:line:3446 is error,the price is less than 0
3446,3,981,1043:line:3447 is error,npc is error
3447,3,870,899:line:3448 is error,npc is error
3448,1,933,1021:line:3449 is error,npc is error
3450,5,862,948:line:3451 is error,npc is error
3454,2,794,837:line:3455 is error,npc is error
3468,1,656,-320:line:3469 is error,the price is less than 0
3469,4,,193:line:3470 is error,npc is error
3472,5,-867,474:line:3473 is error,the price is less than 0
3476,5,-967,:line:3477 is error,the price is less than 0
3483,3,575,-352:line:3484 is error,the price is less than 0
3489,2,896,996:line:3490 is error,npc is error
3490,1,,194:line:3491 is error,npc is error
3495,3,-955,274:line:3496 is error,the price is less than 0
3496,2,-668,-488:line:3497 is error,the price is less than 0
3499,5,,-386:line:3500 is error,the price is less than 0
3509,1,,452:line:3510 is error,npc is error
3511,1,-951,349:line:3512 is error,the price is less than 0
3513,4,533,574:line:3514 is error,npc is error
3516,3,505,-296:line:3517 is error,the price is less than 0
3517,1,-941,174:line:3518 is error,the price is less than 0
3521,5,-578,195:line:3522 is error,the price is less than 0
3524,3,827,-436:line:3525 is error,the price is less than 0
3527,1,,168:line:3528 is error,npc is error
3530,4,849,-449:line:3531 is error,the price is less than 0
3531,1,866,-362:line:3532 is error,the price is less than 0
3532,2,-628,385:line:3533 is error,the price is less than 0
3533,3,-940,236:line:3534 is error,the price is less than 0
3537,3,,389:line:3538 is error,npc is error
3539,4,639,-414:line:3540 is error,the price is less than 0
3544,3,843,-399:line:3545 is error,the price is less than 0
3545,5,,293:line:3546 is error,npc is error
3546,3,508,561:line:3547 is error,npc is error
3547,3,-514,277:line:3548 is error,the price is less than 0
3548,4,606,670:line:3549 is error,npc is error
3549,5,-904,101:line:3550 is error,the price is less than 0
3550,5,,447:line:3551 is error,npc is error
3551,2,-649,244:line:3552 is error,the price is less than 0
3553,2,,117:line:3554 is error,npc is error
3556,3,,113:line:3557 is error,npc is error
3559,2,,225:line:3560 is error,npc is error
3560,4,514,560:line:3561 is error,npc is error
3561,3,754,764:line:3562 is error,npc is error
3564,2,963,1026:line:3565 is error,npc is error
3567,5,653,-108:line:3568 is error,the price is less than 0
3568,4,,355:line:3569 is error,npc is error
3571,5,945,1025:line:3572 is error,npc is error
3573,5,978,-471:line:3574 is error,the price is less than 0
3575,5,502,545:line:3576 is error,npc is error
3576,4,-901,-865:line:3577 is error,the price is less than 0
3577,2,-777,262:line:3578 is error,the price is less than 0
3584,5,,193:line:3585 is error,npc is error
3585,5,-994,262:line:3586 is error,the price is less than 0
3592,2,553,-488:line:3593 is error,the price is less than 0
3600,2,,262:line:3601 is error,npc is error
3602,1,,115:line:3603 is error,npc is error
3604,3,-637,151:line:3605 is error,the price is less than 0
3607,3,545,582:line:3608 is error,npc is error
3608,2,-527,145:line:3609 is error,the price is less than 0
3609,2,,266:line:3610 is error,npc is error
3610,5,-887,134:line:3611 is error,the price is less than 0
3611,1,,327:line:3612 is error,npc is error
3613,1,588,655:line:3614 is error,npc is error
3614,1,744,-237:line:3615 is error,the price is less than 0
3618,3,841,872:line:3619 is error,npc is error
3621,5,,207:line:3622 is error,npc is error
3625,2,-636,221:line:3626 is error,the price is less than 0
3626,4,,155:line:3627 is error,npc is error
3634,1,941,1013:line:3635 is error,npc is error
3638,1,-520,:line:3639 is error,the price is less than 0
3639,1,-796,274:line:3640 is error,the price is less than 0
3645,5,-771,315:line:3646 is error,the price is less than 0
3656,4,-959,-900:line:3657 is error,the price is less than 0
3659,5,507,565:line:3660 is error,npc is error
3665,5,-844,216:line:3666 is error,the price is less than 0
3670,3,930,-217:line:3671 is error,the price is less than 0
3676,5,-881,-840:line:3677 is error,the price is less than 0
3677,1,-605,:line:3678 is error,the price is less than 0
3680,4,,297:line:3681 is error,npc is error
3684,5,736,-376:line:3685 is error,the price is less than 0
3685,5,,-347:line:3686 is error,the price is less than 0
3686,1,-826,:line:3687 is error,the price is less than 0
3688,5,-757,491:line:3689 is error,the price is less than 0
3690,4,914,-373:line:3691 is error,the price is less than 0
3691,2,749,-275:line:3692 is error,the price is less than 0
3692,3,,413:line:3693 is error,npc is error
3695,5,,100:line:3696 is error,npc is error
3697,5,574,662:line:3698 is error,npc is error
3698,2,,-147:line:3699 is error,the price is less than 0
3699,2,-981,390:line:3700 is error,the price is less than 0
3703,2,,125:line:3704 is error,npc is error
3704,1,565,584:line:3705 is error,npc is error
3705,5,,127:line:3706 is error,npc is error
3708,4,-768,500:line:3709 is error,the price is less than 0
3709,1,-784,:line:3710 is error,the price is less than 0
3716,2,,-326:line:3717 is error,the price is less than 0
3729,2,,162:line:3730 is error,npc is error
3736,5,-548,191:line:3737 is error,the price is less than 0
3738,2,575,-297:line:3739 is error,the price is less than 0
3740,1,,456:line:3741 is error,npc is error
3744,3,-952,126:line:3745 is error,the price is less than 0
3745,2,,165:line:3746 is error,npc is error
3746,3,867,931:line:3747 is error,npc is error
3747,4,594,-157:line:3748 is error,the price is less than 0
3755,1,646,735:line:3756 is error,npc is error
3756,1,-558,-106:line:3757 is error,the price is less than 0
3757,1,-902,304:line:3758 is error,the price is less than 0
3758,5,883,922:line:3759 is error,npc is error
3763,2,-660,-406:line:3764 is error,the price is less than 0
3765,3,,460:line:3766 is error,npc is error
3769,1,,-193:line:3770 is error,the price is less than 0
3773,4,797,864:line:3774 is error,npc is error
3775,4,-885,495:line:3776 is error,the price is less than 0
3776,2,,303:line:3777 is error,npc is error
3784,5,-651,155:line:3785 is error,the price is less than 0
3790,5,,489:line:3791 is error,npc is error
3791,3,-744,-402:line:3792 is error,the price is less than 0
3795,2,707,723:line:3796 is error,npc is error
3799,3,-909,-889:line:3800 is error,the price is less than 0
3800,1,-600,336:line:3801 is error,the price is less than 0
3801,5,552,593:line:3802 is error,npc is error
3803,3,-736,185:line:3804 is error,the price is less than 0
3804,4,785,854:line:3805 is error,npc is error
3806,5,,223:line:3807 is error,npc is error
3807,5,560,646:line:3808 is error,npc is error
3809,1,-829,-388:line:3810 is error,the price is less than 0
3810,5,-615,-433:line:3811 is error,the price is less than 0
3811,3,-601,-378:line:3812 is error,the price is less than 0
3812,5,-960,223:line:3813 is error,the price is less than 0
3813,4,803,-450:line:3814 is error,the price is less than 0
3815,4,,350:line:3816 is error,npc is error
3818,4,676,764:line:3819 is error,npc is error
3821,4,574,597:line:3822 is error,npc is error
3824,3,,314:line:3825 is error,npc is error
3832,4,,406:line:3833 is error,npc is error
3834,4,695,735:line:3835 is error,npc is error
3839,3,756,786:line:3840 is error,npc is error
3843,5,628,653:line:3844 is error,npc is error
3844,1,,174:line:3845 is error,npc is error
3850,2,-574,212:line:3851 is error,the price is less than 0
3851,2,-905,314:line:3852 is error,the price is less than 0
3862,5,-918,271:line:3863 is error,the price is less than 0
3865,5,-951,340:line:3866 is error,the price is less than 0
3871,5,591,675:line:3872 is error,npc is error
3872,1,,194:line:3873 is error,npc is error
3875,3,932,943:line:3876 is error,npc is error
3881,3,,402:line:3882 is error,npc is error
3883,1,,330:line:3884 is error,npc is error
3885,2,,219:line:3886 is error,npc is error
3893,4,676,-178:line:3894 is error,the price is less than 0
3895,4,587,-185:line:3896 is error,the price is less than 0
3898,2,742,767:line:3899 is error,npc is error
3899,5,752,794:line:3900 is error,npc is error
3901,2,,332:line:3902 is error,npc is error
3902,2,704,757:line:3903 is error,npc is error
3903,4,964,993:line:3904 is error,npc is error
3904,5,719,-377:line:3905 is error,the price is less than 0
3907,3,810,-263:line:3908 is error,the price is less than 0
3908,2,,-491:line:3909 is error,the price is less than 0
3911,5,,431:line:3912 is error,npc is error
3921,2,901,955:line:3922 is error,npc is error
3922,5,929,-449:line:3923 is error,the price is less than 0
3923,5,,-449:line:3924 is error,the price is less than 0
3925,5,,124:line:3926 is error,npc is error
3931,2,504,517:line:3932 is error,npc is error
3933,1,,301:line:3934 is error,npc is error
3934,4,-634,407:line:3935 is error,the price is less than 0
3935,3,-713,322:line:3936 is error,the price is less than 0
3936,5,,459:line:3937 is error,npc is error
3937,5,,359:line:3938 is error,npc is error
3938,1,,106:line:3939 is error,npc is error
3940,5,610,674:line:3941 is error,npc is error
3941,4,,227:line:3942 is error,npc is error
3942,5,963,1006:line:3943 is error,npc is error
3948,2,,342:line:3949 is error,npc is error
3950,1,-803,102:line:3951 is error,the price is less than 0
3952,2,,413:line:3953 is error,npc is error
3953,3,681,-372:line:3954 is error,the price is less than 0
3954,2,,263:line:3955 is error,npc is error
3959,1,,373:line:3960 is error,npc is error
3961,3,,-255:line:3962 is error,the price is less than 0
3972,2,-651,313:line:3973 is error,the price is less than 0
3973,1,,269:line:3974 is error,npc is error
3981,5,518,-325:line:3982 is error,the price is less than 0
3982,2,635,719:line:3983 is error,npc is error
3984,5,-606,:line:3985 is error,the price is less than 0
3986,1,792,-438:line:3987 is error,the price is less than 0
3988,3,771,817:line:3989 is error,npc is error
3992,4,-505,-110:line:3993 is error,the price is less than 0
3993,4,613,676:line:3994 is error,npc is error
3998,3,,255:line:3999 is error,npc is error
4004,4,,296:line:4005 is error,npc is error
4009,3,-684,:line:4010 is error,the price is less than 0
4013,5,-682,190:line:4014 is error,the price is less than 0
4016,3,-949,:line:4017 is error,the price is less than 0
4017,3,,325:line:4018 is error,npc is error
4021,1,644,-247:line:4022 is error,the price is less than 0
4023,4,996,1044:line:4024 is error,npc is error
4027,1,,209:line:4028 is error,npc is error
4029,3,,183:line:4030 is error,npc is error
4030,1,,-355:line:4031 is error,the price is less than 0
4032,4,636,-401:line:4033 is error,the price is less than 0
4033,3,-593,328:line:4034 is error,the price is less than 0
4035,5,-763,:line:4036 is error,the price is less than 0
4036,5,-922,486:line:4037 is error,the price is less than 0
4037,2,-820,182:line:4038 is error,the price is less than 0
4038,3,604,-257:line:4039 is error,the price is less than 0
4040,4,,177:line:4041 is error,npc is error
4042,5,-742,172:line:4043 is error,the price is less than 0
4045,3,707,-238:line:4046 is error,the price is less than 0
4048,2,601,655:line:4049 is error,npc is error
4050,5,601,654:line:4051 is error,npc is error
4051,2,583,-257:line:4052 is error,the price is less than 0
4053,3,767,779:line:4054 is error,npc is error
4055,2,571,-257:line:4056 is error,the price is less than 0
4060,2,,114:line:4061 is error,npc is error
4062,4,-522,328:line:4063 is error,the price is less than 0
4064,3,,411:line:4065 is error,npc is error
4066,3,977,-385:line:4067 is error,the price is less than 0
4068,2,632,685:line:4069 is error,npc is error
4072,1,,215:line:4073 is error,npc is error
4074,4,,-141:line:4075 is error,the price is less than 0
4076,2,849,-476:line:4077 is error,the price is less than 0
4077,4,,324:line:4078 is error,npc is error
4079,3,826,-257:line:4080 is error,the price is less than 0
4083,5,,475:line:4084 is error,npc is error
4085,3,-755,344:line:4086 is error,the price is less than 0
4086,1,881,943:line:4087 is error,npc is error
4088,5,702,712:line:4089 is error,npc is error
4089,5,719,747:line:4090 is error,npc is error
4090,1,,249:line:4091 is error,npc is error
4095,3,,288:line:4096 is error,npc is error
4098,1,-539,275:line:4099 is error,the price is less than 0
4099,3,,157:line:4100 is error,npc is error
4103,4,-991,256:line:4104 is error,the price is less than 0
4105,1,563,624:line:4106 is error,npc is error
4106,4,-574,281:line:4107 is error,the price is less than 0
4107,5,694,783:line:4108 is error,npc is error
4109,4,763,790:line:4110 is error,npc is error
4113,2,710,-183:line:4114 is error,the price is less than 0
4116,3,,214:line:4117 is error,npc is error
4121,3,918,-495:line:4122 is error,the price is less than 0
4127,4,,124:line:4128 is error,npc is error
4128,2,,184:line:4129 is error,npc is error
4135,4,1000,-395:line:4136 is error,the price is less than 0
4136,5,729,770:line:4137 is error,npc is error
4138,4,-687,371:line:4139 is error,the price is less than 0
4141,2,532,616:line:4142 is error,npc is error
4142,5,847,941:line:4143 is error,npc is error
4143,4,611,-408:line:4144 is error,the price is less than 0
4145,3,852,922:line:4146 is error,npc is error
4151,1,-981,304:line:4152 is error,the price is less than 0
4153,2,,134:line:4154 is error,npc is error
4154,5,914,947:line:4155 is error,npc is error
4159,5,808,846:line:4160 is error,npc is error
4161,1,,372:line:4162 is error,npc is error
4166,4,,360:line:4167 is error,npc is error
4168,4,,-272:line:4169 is error,the price is less than 0
4183,5,,305:line:4184 is error,npc is error
4186,5,615,670:line:4187 is error,npc is error
4188,2,657,-369:line:4189 is error,the price is less than 0
4190,4,,166:line:4191 is error,npc is error
4193,3,-836,126:line:4194 is error,the price is less than 0
4197,5,,469:line:4198 is error,npc is error
4200,5,-714,459:line:4201 is error,the price is less than 0
4201,4,-877,-824:line:4202 is error,the price is less than 0
4208,4,,404:line:4209 is error,npc is error
4210,5,,459:line:4211 is error,npc is error
4212,2,960,1056:line:4213 is error,npc is error
4215,5,,271:line:4216 is error,npc is error
4216,3,-985,407:line:4217 is error,the price is less than 0
4217,1,-526,:line:4218 is error,the price is less than 0
4218,2,,103:line:4219 is error,npc is error
4219,1,804,891:line:4220 is error,npc is error
4220,5,623,706:line:4221 is error,npc is error
4223,4,-552,108:line:4224 is error,the price is less than 0
4224,2,-676,-604:line:4225 is error,the price is less than 0
4226,1,-741,442:line:4227 is error,the price is less than 0
4230,2,-810,361:line:4231 is error,the price is less than 0
4236,2,,121:line:4237 is error,npc is error
4239,5,-992,-309:line:4240 is error,the price is less than 0
4240,5,,-223:line:4241 is error,the price is less than 0
4242,5,-966,-920:line:4243 is error,the price is less than 0
4243,2,989,-181:line:4244 is error,the price is less than 0
4245,5,663,-156:line:4246 is error,the price is less than 0
4248,3,678,-456:line:4249 is error,the price is less than 0
4249,3,882,-338:line:4250 is error,the price is less than 0
4250,2,750,-394:line:4251 is error,the price is less than 0
4251,5,-889,274:line:4252 is error,the price is less than 0
4252,1,530,-361:line:4253 is error,the price is less than 0
4253,3,740,766:line:4254 is error,npc is error
4260,2,762,845:line:4261 is error,npc is error
4262,1,-942,:line:4263 is error,the price is less than 0
4264,5,,180:line:4265 is error,npc is error
4265,2,709,-477:line:4266 is error,the price is less than 0
4267,1,,290:line:4268 is error,npc is error
4268,2,-600,177:line:4269 is error,the price is less than 0
4276,1,,386:line:4277 is error,npc is error
4278,2,-924,-891:line:4279 is error,the price is less than 0
4283,3,662,707:line:4284 is error,npc is error
4285,4,732,822:line:4286 is error,npc is error
4289,5,-771,250:line:4290 is error,the price is less than 0
4297,2,-893,-797:line:4298 is error,the price is less than 0
4305,3,-748,120:line:4306 is error,the price is less than 0
4308,3,932,-202:line:4309 is error,the price is less than 0
4312,3,-689,:line:4313 is error,the price is less than 0
4313,1,-986,329:line:4314 is error,the price is less than 0
4314,3,-973,445:line:4315 is error,the price is less than 0
4315,1,,119:line:4316 is error,npc is error
4317,5,,228:line:4318 is error,npc is error
4319,3,903,-489:line:4320 is error,the price is less than 0
4320,3,,-238:line:4321 is error,the price is less than 0
4321,4,805,-107:line:4322 is error,the price is less than 0
4322,4,526,-234:line:4323 is error,the price is less than 0
4334,4,760,804:line:4335 is error,npc is error
4339,5,-687,:line:4340 is error,the price is less than 0
4343,1,737,-312:line:4344 is error,the price is less than 0
4344,1,,332:line:4345 is error,npc is error
4346,3,649,-315:line:4347 is error,the price is less than 0
4347,5,-564,309:line:4348 is error,the price is less than 0
4352,2,,278:line:4353 is error,npc is error
4353,1,584,658:line:4354 is error,npc is error
4354,2,-506,219:line:4355 is error,the price is less than 0
4356,1,970,-385:line:4357 is error,the price is less than 0
4358,2,,222:line:4359 is error,npc is error
4360,5,-895,218:line:4361 is error,the price is less than 0
4362,3,-801,202:line:4363 is error,the price is less than 0
4364,4,607,628:line:4365 is error,npc is error
4365,1,-674,358:line:4366 is error,the price is less than 0
4366,3,611,639:line:4367 is error,npc is error
4372,2,-782,-229:line:4373 is error,the price is less than 0
4374,2,889,966:line:4375 is error,npc is error
4375,3,638,-436:line:4376 is error,the price is less than 0
4378,5,-744,242:line:4379 is error,the price is less than 0
4379,3,704,767:line:4380 is error,npc is error
4383,2,662,-268:line:4384 is error,the price is less than 0
4384,3,,-254:line:4385 is error,the price is less than 0
4385,2,676,-271:line:4386 is error,the price is less than 0
4388,4,-975,200:line:4389 is error,the price is less than 0
4391,3,900,-296:line:4392 is error,the price is less than 0
4392,5,-902,-472:line:4393 is error,the price is less than 0
4394,3,-929,186:line:4395 is error,the price is less than 0
4399,3,,-467:line:4400 is error,the price is less than 0
4402,2,833,910:line:4403 is error,npc is error
4403,4,-730,126:line:4404 is error,the price is less than 0
4405,1,,437:line:4406 is error,npc is error
4411,2,965,1013:line:4412 is error,npc is error
4412,5,,428:line:4413 is error,npc is error
4413,2,883,-498:line:4414 is error,the price is less than 0
4414,2,869,904:line:4415 is error,npc is error
4415,2,811,-378:line:4416 is error,the price is less than 0
4420,2,,110:line:4421 is error,npc is error
4422,5,-589,:line:4423 is error,the price is less than 0
4423,2,-817,436:line:4424 is error,the price is less than 0
4424,2,,296:line:4425 is error,npc is error
4427,2,-945,261:line:4428 is error,the price is less than 0
4432,4,681,-384:line:4433 is error,the price is less than 0
4434,4,,420:line:4435 is error,npc is error
4444,3,-970,334:line:4445 is error,the price is less than 0
4450,3,661,700:line:4451 is error,npc is error
4453,4,-627,450:line:4454 is error,the price is less than 0
4454,2,-777,107:line:4455 is error,the price is less than 0
4458,1,741,-435:line:4459 is error,the price is less than 0
4464,2,,449:line:4465 is error,npc is error
4467,5,,329:line:4468 is error,npc is error
4469,3,850,-210:line:4470 is error,the price is less than 0
4472,5,631,-232:line:4473 is error,the price is less than 0
4473,1,829,-492:line:4474 is error,the price is less than 0
4474,1,972,1026:line:4475 is error,npc is error
4482,1,-563,-445:line:4483 is error,the price is less than 0
4487,5,-907,257:line:4488 is error,the price is less than 0
4488,1,-518,359:line:4489 is error,the price is less than 0
4490,3,854,890:line:4491 is error,npc is error
4494,3,-633,109:line:4495 is error,the price is less than 0
4497,2,826,-247:line:4498 is error,the price is less than 0
4498,4,768,-111:line:4499 is error,the price is less than 0
4502,1,560,-157:line:4503 is error,the price is less than 0
4504,4,-510,178:line:4505 is error,the price is less than 0
4508,1,633,-375:line:4509 is error,the price is less than 0
4509,1,,418:line:4510 is error,npc is error
4510,5,846,-137:line:4511 is error,the price is less than 0
4511,4,-773,-743:line:4512 is error,the price is less than 0
4512,4,,410:line:4513 is error,npc is error
4515,5,-766,136:line:4516 is error,the price is less than 0
4519,3,627,721:line:4520 is error,npc is error
4525,5,-617,243:line:4526 is error,the price is less than 0
4529,2,908,-234:line:4530 is error,the price is less than 0
4537,1,,170:line:4538 is error,npc is error
4538,3,,107:line:4539 is error,npc is error
4547,2,574,-421:line:4548 is error,the price is less than 0
4551,3,-819,-734:line:4552 is error,the price is less than 0
4552,5,791,832:line:4553 is error,npc is error
4554,2,-826,-208:line:4555 is error,the price is less than 0
4555,2,786,-255:line:4556 is error,the price is less than 0
4556,5,974,1047:line:4557 is error,npc is error
4558,1,,196:line:4559 is error,npc is error
4562,3,559,633:line:4563 is error,npc is error
4564,3,-704,497:line:4565 is error,the price is less than 0
4565,4,-975,286:line:4566 is error,the price is less than 0
4566,1,-839,284:line:4567 is error,the price is less than 0
4571,1,,249:line:4572 is error,npc is error
4575,2,-579,401:line:4576 is error,the price is less than 0
4577,4,,171:line:4578 is error,npc is error
4581,4,971,1070:line:4582 is error,npc is error
4582,3,710,-256:line:4583 is error,the price is less than 0
4583,4,,326:line:4584 is error,npc is error
4587,3,,132:line:4588 is error,npc is error
4588,3,-936,341:line:4589 is error,the price is less than 0
4590,5,602,674:line:4591 is error,npc is error
4597,4,963,-303:line:4598 is error,the price is less than 0
4599,5,-552,104:line:4600 is error,the price is less than 0
4600,3,898,919:line:4601 is error,npc is error
4605,5,-900,284:line:4606 is error,the price is less than 0
4608,4,685,760:line:4609 is error,npc is error
4611,4,-940,207:line:4612 is error,the price is less than 0
4612,4,860,923:line:4613 is error,npc is error
4615,2,962,1046:line:4616 is error,npc is error
4616,4,-799,:line:4617 is error,the price is less than 0
4619,1,,454:line:4620 is error,npc is error
4622,4,-582,144:line:4623 is error,the price is less than 0
4623,5,-513,155:line:4624 is error,the price is less than 0
4626,4,535,623:line:4627 is error,npc is error
4633,1,,216:line:4634 is error,npc is error
4635,5,527,598:line:4636 is error,npc is error
4643,3,754,-405:line:4644 is error,the price is less than 0
4644,2,-979,434:line:4645 is error,the price is less than 0
4646,3,906,961:line:4647 is error,npc is error
4650,5,-824,302:line:4651 is error,the price is less than 0
4654,4,-656,-274:line:4655 is error,the price is less than 0
4658,2,677,735:line:4659 is error,npc is error
4659,4,,461:line:4660 is error,npc is error
4660,4,602,702:line:4661 is error,npc is error
4673,3,819,866:line:4674 is error,npc is error
4675,2,,-219:line:4676 is error,the price is less than 0
4676,1,,416:line:4677 is error,npc is error
4677,4,993,-320:line:4678 is error,the price is less than 0
4680,3,942,1008:line:4681 is error,npc is error
4682,1,,-432:line:4683 is error,the price is less than 0
4685,1,,120:line:4686 is error,npc is error
4686,3,503,-102:line:4687 is error,the price is less than 0
4694,4,,-178:line:4695 is error,the price is less than 0
4695,5,931,1001:line:4696 is error,npc is error
4696,5,509,-345:line:4697 is error,the price is less than 0
4699,4,,471:line:4700 is error,npc is error
4714,4,816,-376:line:4715 is error,the price is less than 0
4721,3,792,881:line:4722 is error,npc is error
4722,5,-802,-779:line:4723 is error,the price is less than 0
4723,2,899,979:line:4724 is error,npc is error
4724,4,,-422:line:4725 is error,the price is less than 0
4726,5,,136:line:4727 is error,npc is error
4728,2,-975,193:line:4729 is error,the price is less than 0
4729,4,994,-410:line:4730 is error,the price is less than 0
4732,5,525,556:line:4733 is error,npc is error
4733,2,886,939:line:4734 is error,npc is error
4736,3,,264:line:4737 is error,npc is error
4738,1,,296:line:4739 is error,npc is error
4740,3,642,-117:line:4741 is error,the price is less than 0
4742,3,597,657:line:4743 is error,npc is error
4754,5,511,576:line:4755 is error,npc is error
4758,1,-650,266:line:4759 is error,the price is less than 0
4760,1,-764,368:line:4761 is error,the price is less than 0
4761,2,852,-417:line:4762 is error,the price is less than 0
4762,4,-514,428:line:4763 is error,the price is less than 0
4764,5,,236:line:4765 is error,npc is error
4766,2,850,-215:line:4767 is error,the price is less than 0
4767,2,-601,-572:line:4768 is error,the price is less than 0
4768,1,-568,432:line:4769 is error,the price is less than 0
4771,3,-847,468:line:4772 is error,the price is less than 0
4772,5,532,588:line:4773 is error,npc is error
4780,2,-944,124:line:4781 is error,the price is less than 0
4782,1,,184:line:4783 is error,npc is error
4783,1,,356:line:4784 is error,npc is error
4785,5,-773,207:line:4786 is error,the price is less than 0
4789,3,,325:line:4790 is error,npc is error
4793,1,-564,494:line:4794 is error,the price is less than 0
4794,4,899,981:line:4795 is error,npc is error
4797,5,,253:line:4798 is error,npc is error
4798,5,969,1052:line:4799 is error,npc is error
4801,5,938,969:line:4802 is error,npc is error
4803,1,666,747:line:4804 is error,npc is error
4814,1,639,678:line:4815 is error,npc is error
4815,5,967,1019:line:4816 is error,npc is error
4818,1,838,-402:line:4819 is error,the price is less than 0
4819,1,511,562:line:4820 is error,npc is error
4821,1,590,-476:line:4822 is error,the price is less than 0
4824,1,946,1021:line:4825 is error,npc is error
4829,3,-982,384:line:4830 is error,the price is less than 0
4832,2,633,-258:line:4833 is error,the price is less than 0
4835,5,,412:line:4836 is error,npc is error
4836,3,790,888:line:4837 is error,npc is error
4841,1,,324:line:4842 is error,npc is error
4847,4,637,727:line:4848 is error,npc is error
4851,1,,220:line:4852 is error,npc is error
4853,2,-685,259:line:4854 is error,the price is less than 0
4858,2,-761,297:line:4859 is error,the price is less than 0
4859,3,,143:line:4860 is error,npc is error
4860,4,822,888:line:4861 is error,npc is error
4867,2,-500,167:line:4868 is error,the price is less than 0
4877,1,-543,262:line:4878 is error,the price is less than 0
4878,2,-908,:line:4879 is error,the price is less than 0
4883,1,,468:line:4884 is error,npc is error
4889,1,-997,:line:4890 is error,the price is less than 0
4890,5,735,752:line:4891 is error,npc is error
4891,2,-926,135:line:4892 is error,the price is less than 0
4892,3,-514,-274:line:4893 is error,the price is less than 0
4893,5,,492:line:4894 is error,npc is error
4894,2,990,1073:line:4895 is error,npc is error
4899,3,505,-464:line:4900 is error,the price is less than 0
4900,1,606,651:line:4901 is error,npc is error
4901,2,-978,203:line:4902 is error,the price is less than 0
4902,5,690,-257:line:4903 is error,the price is less than 0
4903,3,617,-170:line:4904 is error,the price is less than 0
4907,5,-792,270:line:4908 is error,the price is less than 0
4909,3,,344:line:4910 is error,npc is error
4912,5,-955,492:line:4913 is error,the price is less than 0
4914,2,-597,124:line:4915 is error,the price is less than 0
4915,5,861,-417:line:4916 is error,the price is less than 0
4919,4,,197:line:4920 is error,npc is error
4924,5,636,671:line:4925 is error,npc is error
4929,2,-542,375:line:4930 is error,the price is less than 0
4930,1,,365:line:4931 is error,npc is error
4936,4,893,971:line:4937 is error,npc is error
4943,3,-788,164:line:4944 is error,the price is less than 0
4944,1,,103:line:4945 is error,npc is error
4949,3,,103:line:4950 is error,npc is error
4951,4,,351:line:4952 is error,npc is error
4953,3,,-142:line:4954 is error,the price is less than 0
4958,5,,207:line:4959 is error,npc is error
4959,3,659,-124:line:4960 is error,the price is less than 0
4960,1,813,833:line:4961 is error,npc is error
4968,3,-859,411:line:4969 is error,the price is less than 0
4972,3,-654,102:line:4973 is error,the price is less than 0
4981,2,-970,:line:4982 is error,the price is less than 0
4983,3,895,981:line:4984 is error,npc is error
4984,5,-516,-459:line:4985 is error,the price is less than 0
4985,3,,382:line:4986 is error,npc is error
4987,1,,273:line:4988 is error,npc is error
4988,1,-670,463:line:4989 is error,the price is less than 0
4989,4,,151:line:4990 is error,npc is error
4990,2,,135:line:4991 is error,npc is error
4994,2,592,643:line:4995 is error,npc is error
4995,3,-877,-146:line:4996 is error,the price is less than 0
4996,4,-580,-495:line:4997 is error,the price is less than 0
